%% +---------------------------------------------------------------------------+
%% |                           FLUICELL LAB-ON-A-TIP                           |
%% |                                                                           |
%% |                                                                           |
%% |                          http://www.fluicell.com/                         |
%% +---------------------------------------------------------------------------+
%% 
%% Macro Header V. 0.4 
%% file created on dd/mm/yyyy - Wed Mar 14 2018 15:21:43%% 
%% Fluicell Lab-on-a-tip macro file description 
%% +---------------------------------------------------------------------------+ 
%% List of parameters: 
%%  - Command :  
%%  -       0:  Pressure ON (mbar)           :  Value in mbar
%%  -       1:  Pressure OFF (mbar)          :  Value in mbar
%%  -       2:  Vacuum Switch (mbar)         :  Value in mbar 
%%  -       3:  Vacuum Recirculation (mbar)  :  Value in mbar 
%%  -       4:  Solution 1 (open/close)      :  
%%  -       5:  Solution 2 (open/close)      :  
%%  -       6:  Solution 3 (open/close)      :  
%%  -       7:  Solution 4 (open/close)      :  
%%  -       8:  Sleep (s)                    :  Wait in seconds 
%%  -       9:  Ask (string)                 :  Ask a message at the end of some operation 
%%  -       10: All Off                      :  All the valves 1 - 4 will be closed 
%%  -       11: Pumps Off                    :  Set the all the pumps to zero (pressure and vacuum) 
%%  -       12: Valve state (HEX)            :  Set the valve state 
%%  -       13: Wait sync                    :  Wait a sync signal 
%%  -       14: Sync out                     :  Sync with external trigger 
%%  -       15:  Droplet size (%)             :  Set the droplet size in % respect to the default values 
%%  -       16:  Flow speed (%)               :  
%%  -       17: Vacuum (%)                   :  
%%  -       18: Loop (num)                   :  All the commands inside the loop will run cyclically 
%%  - 
%%  - value (mbar, %, s) - value to be applied to the command
%%  - status_message (string) 
%%  - depth : depth in the tree of the command, all the commands at different layers will run in loop
%% +---------------------------------------------------------------------------+ 
%%  - 
%%  - Current default values : 
%%  -      P ON     = 190
%%  -      P OFF    = 21
%%  -      V Switch = 115
%%  -      V Recirc = 115
%% +---------------------------------------------------------------------------+ 
%% Command Value status_message depth
%% Follows a line example
%% 13#1#2#message#0#? 
%% Command Value status_message depth
%
9##0#ask(Place_the_pipette_to_the_holder_and_tighten._THEN_PRESS_OK)#0#§
10##0#AllOff()#0#§
2#0#0#setVswitch(0)#0#§
3#0#0#setVrecirc(0)#0#§
0#0#0#setPon(0)#0#§
1#0#0#setPoff(0)#0#§
8#5#0#sleep(5)#0#§
0#200#0#setPon(200)#0#§
8#5#0#sleep(5)#0#§
11##0#pumpOff#0#§
9##0#ask(Wait_until_a_droplet_appears_at_the_tip_of_the_pipette_and_THEN_PRESS_OK)#0#§
8#40#0#sleep(40)#0#§
10##0#allOff()#0#§
0#0#0#setPon(0)#0#§
8#10#0#sleep(10)#0#§
8#1#0#ask(Remove_the_droplet_using_a_lens_tissue_and_put_the_pipette_into_solution._THEN_PRESS_OK)#0#§
2#-200#0#setVswitch(-200)#0#§
3#-200#0#setVrecirc(-200)#0#§
8#90#0#sleep(90)#0#§
1#21#0#setPoff(21)#0#§
0#190#0#setPon(190)#0#§
8#5#0#sleep(5)#0#§
2#-115#0#setVswitch(-115)#0#§
3#-115#0#setVrecirc(-115)#0#§
9##0#ask(Pipette_is_ready_for_operation,_press_OK_to_start.)#0#§
