%% +---------------------------------------------------------------------------+
%% |                           FLUICELL LAB-ON-A-TIP                           |
%% |                                                                           |
%% |                                                                           |
%% |                          http://www.fluicell.com/                         |
%% +---------------------------------------------------------------------------+
%% 
%% Macro Header V. 0.4
%% file created on dd/mm/yyyy - Wed Mar 14 2018 15:22:03%% 
%% Fluicell Lab-on-a-tip macro file description 
%% +---------------------------------------------------------------------------+ 
%% List of parameters: 
%%  - Command :  
%%  -       0:  Pressure ON (mbar)           :  Value in mbar
%%  -       1:  Pressure OFF (mbar)          :  Value in mbar
%%  -       2:  Vacuum Switch (mbar)         :  Value in mbar 
%%  -       3:  Vacuum Recirculation (mbar)  :  Value in mbar 
%%  -       4:  Solution 1 (open/close)      :  
%%  -       5:  Solution 2 (open/close)      :  
%%  -       6:  Solution 3 (open/close)      :  
%%  -       7:  Solution 4 (open/close)      :  
%%  -       8:  Sleep (s)                    :  Wait in seconds 
%%  -       9:  Ask (string)                 :  Ask a message at the end of some operation 
%%  -       10: All Off                      :  All the valves 1 - 4 will be closed 
%%  -       11: Pumps Off                    :  Set the all the pumps to zero (pressure and vacuum) 
%%  -       12: Valve state (HEX)            :  Set the valve state 
%%  -       13: Wait sync                    :  Wait a sync signal 
%%  -       14: Sync out                     :  Sync with external trigger 
%%  -       15:  Droplet size (%)             :  Set the droplet size in % respect to the default values 
%%  -       16:  Flow speed (%)               :  
%%  -       17: Vacuum (%)                   :  
%%  -       18: Loop (num)                   :  All the commands inside the loop will run cyclically 
%%  - 
%%  - value (mbar, %, s) - value to be applied to the command
%%  - status_message (string) 
%%  - depth : depth in the tree of the command, all the commands at different layers will run in loop
%% +---------------------------------------------------------------------------+ 
%%  - 
%%  - Current default values : 
%%  -      P ON     = 190
%%  -      P OFF    = 21
%%  -      V Switch = 115
%%  -      V Recirc = 115
%% +---------------------------------------------------------------------------+ 
%% Command Value status_message depth
%% Follows a line example
%% 13#1#2#message#0#? 
%% Command Value status_message depth
%
10##0#AllOff#0#§
1#11#0#setPoff(11)#0#§
0#0#0#setPon(0)#0#§
8#5#0#sleep(5)#0#§
2#-45#0#setVswitch(-45)#0#§
3#-45#0#setVrecirc(-45)#0#§
