<?xml version="1.0" encoding="UTF-8"?>
<!DOCTYPE prt>
<!--Fluicell protocol xml-->
<Protocol version="1.0">
    <operational value="" message=" "/>
    <wait value="8" message=" "/>
    <loop value="2" message=" ">
        <solution1 value="1" message=" "/>
        <wait value="5" message=" "/>
        <solution1 value="0" message=" "/>
        <wait value="5" message=" "/>
        <solution2 value="1" message=" "/>
        <wait value="5" message=" "/>
        <solution2 value="0" message=" "/>
        <wait value="5" message=" "/>
        <solution3 value="1" message=" "/>
        <wait value="5" message=" "/>
        <solution3 value="0" message=" "/>
        <wait value="5" message=" "/>
        <solution4 value="1" message=" "/>
        <wait value="5" message=" "/>
        <solution4 value="0" message=" "/>
        <wait value="5" message=" "/>
        <solution5 value="1" message=" "/>
        <wait value="5" message=" "/>
        <solution5 value="0" message=" "/>
        <wait value="5" message=" "/>
        <solution6 value="1" message=" "/>
        <wait value="5" message=" "/>
        <solution6 value="0" message=" "/>
        <wait value="5" message=" "/>
    </loop>
</Protocol>
