%% +---------------------------------------------------------------------------+
%% |                           FLUICELL LAB-ON-A-TIP                           |
%% |                                                                           |
%% |                                                                           |
%% |                          http://www.fluicell.com/                         |
%% +---------------------------------------------------------------------------+
%% 
%% Protocol Header V. 0.7 
%% file created on dd/mm/yyyy - Sun Sep 9 2018 08:33:38%% 
%% Fluicell Lab-on-a-tip protocol file description 
%% +---------------------------------------------------------------------------+ 
%% List of parameters: 
%%  - Command :  
%%  -       0:  Zone size (%)                 :  Set the droplet size in % respect to the default values 
%%  -       1:  Flow speed (%)                :  Set the flow speed in % respect to the default values
%%  -       2:  Vacuum (%)                    :  Set the vacuum in % respect to the default values
%%  -       3:  Wait (s)                      :  Wait in seconds 
%%  -       4:  All Off                       :  All the valves 1 - 4 will be closed 
%%  -       5:  Solution 1 (open/close)       :  
%%  -       6:  Solution 2 (open/close)       :  
%%  -       7:  Solution 3 (open/close)       :  
%%  -       8:  Solution 4 (open/close)       :  
%%  -       9:  Pressure ON (mbar)            :  Value in mbar
%%  -       10: Pressure OFF (mbar)           :  Value in mbar
%%  -       11: Vacuum Recirculation (mbar)   :  Value in mbar 
%%  -       12: Vacuum Switch (mbar)          :  Value in mbar 
%%  -       13: Ask (string)                  :  Ask a message at the end of some operation 
%%  -       14: Pumps Off                     :  Set the all the pumps to zero (pressure and vacuum) 
%%  -       15: Wait sync                     :  Wait a sync signal 
%%  -       16: Sync out                      :  Sync with external trigger 
%%  -       17: Loop (num)                    :  All the commands inside the loop will run cyclically 
%%  - 
%%  - value (mbar, %, s) - value to be applied to the command
%%  - status_message (string) 
%%  - depth : depth in the tree of the command, all the commands at different layers will run in loop
%% +---------------------------------------------------------------------------+ 
%%  - 
%% +---------------------------------------------------------------------------+ 
%% Command Value status_message depth
%% Follows a line example
%% 13#1#2#message#0#? 
%% Command Value status_message depth
%
4##0#AllOff#0#
10#11#0#setPoff(11)#0#
9#0#0#setPon(0)#0#
3#5#0#sleep(5)#0#
12#-45#0#setVswitch(-45)#0#
11#-45#0#setVrecirc(-45)#0#
