%% +---------------------------------------------------------------------------+
%% |                           FLUICELL LAB-ON-A-TIP                           |
%% |                                                                           |
%% |                                                                           |
%% |                          http://www.fluicell.com/                         |
%% +---------------------------------------------------------------------------+
%% 
%% Protocol Header V. 0.8 
%% file created on dd/mm/yyyy - Mon Nov 12 2018 12:15:15%% 
%% Fluicell Lab-on-a-tip protocol file description 
%% +---------------------------------------------------------------------------+ 
%% List of parameters: 
%%  - Command :  
%%  -       0:  Set Zone size (%)             :  Set the droplet size in % respect to the default values 
%%  -       1:  Change Zone size (%)          :  Change the droplet size in % respect to the current values 
%%  -       2:  Set Flow speed (%)            :  Set the flow speed in % respect to the default values
%%  -       3:  change Flow speed (%)         :  Change the flow speed in % respect to the current values
%%  -       4:  Set Vacuum (%)                :  Set the vacuum in % respect to the default values
%%  -       5:  change Vacuum (%)             :  Change the vacuum in % respect to the current values
%%  -       6:  Wait (s)                      :  Wait in seconds 
%%  -       7:  All Off                       :  All the valves 1 - 4 will be closed 
%%  -       8:  Solution 1 (open/close)       :  
%%  -       9:  Solution 2 (open/close)       :  
%%  -       10: Solution 3 (open/close)       :  
%%  -       11: Solution 4 (open/close)       :  
%%  -       12: Pressure ON (mbar)            :  Value in mbar
%%  -       13: Pressure OFF (mbar)           :  Value in mbar
%%  -       14: Vacuum Recirculation (mbar)   :  Value in mbar 
%%  -       15: Vacuum Switch (mbar)          :  Value in mbar 
%%  -       16: Ask (string)                  :  Ask a message at the end of some operation 
%%  -       17: Pumps Off                     :  Set the all the pumps to zero (pressure and vacuum) 
%%  -       18: Wait sync                     :  Wait a sync signal 
%%  -       19: Sync out                      :  Sync with external trigger 
%%  -       20: Loop (num)                    :  All the commands inside the loop will run cyclically 
%%  - 
%%  - value (mbar, %, s) - value to be applied to the command
%%  - status_message (string) 
%%  - depth : depth in the tree of the command, all the commands at different layers will run in loop
%% +---------------------------------------------------------------------------+ 
%%  - 
%% +---------------------------------------------------------------------------+ 
%% Command Value status_message depth
%% Follows a line example
%% 13#1#message#0#? 
%% Command Value status_message depth
%
7##0# #0#
6#2#0# #0#
19#100#0# #0#
8#1#0# #0#
6#20#0# #0#
8#0#0# #0#
19#100#0# #0#
6#5#0# #0#
18#1#0# #0#
9#1#0# #0#
6#20#0# #0#
9#0#0# #0#
19#200#0# #0#
6#2#0# #0#
